Sun  1 Dec 17:49:14 IST 2019
Sun  1 Dec 17:54:22 IST 2019
Sun  1 Dec 19:34:23 IST 2019
Sun 15 Dec 13:08:39 IST 2019
Sun 15 Dec 19:19:13 IST 2019
Tue 31 Dec 21:14:13 IST 2019
Tue 31 Dec 21:17:12 IST 2019
Tue 31 Dec 21:28:27 IST 2019
Tue 31 Dec 23:54:59 IST 2019
Tue 31 Dec 23:57:15 IST 2019
Tue 31 Dec 23:57:50 IST 2019
Wed  1 Jan 00:00:38 IST 2020
Wed  1 Jan 00:01:13 IST 2020
Wed  1 Jan 00:02:56 IST 2020
Wed  1 Jan 00:03:34 IST 2020
Wed  1 Jan 00:04:30 IST 2020
Wed  1 Jan 00:05:16 IST 2020
Wed  1 Jan 00:05:40 IST 2020
Wed  1 Jan 00:06:08 IST 2020
Wed  1 Jan 00:06:41 IST 2020
Wed  1 Jan 00:07:13 IST 2020
Wed  1 Jan 00:10:14 IST 2020
Wed  1 Jan 00:13:44 IST 2020
Wed  1 Jan 00:14:17 IST 2020
Wed  1 Jan 00:15:07 IST 2020
Wed  1 Jan 00:16:22 IST 2020
Wed  1 Jan 00:17:35 IST 2020
Wed  1 Jan 00:19:41 IST 2020
Wed  1 Jan 00:22:09 IST 2020
Wed  1 Jan 00:23:29 IST 2020
Wed  1 Jan 00:24:47 IST 2020
Wed  1 Jan 00:26:39 IST 2020
Wed  1 Jan 00:27:32 IST 2020
Wed  1 Jan 00:28:37 IST 2020
Wed  1 Jan 00:29:12 IST 2020
Mon Jan  6 15:04:34 IST 2020
Mon Jan  6 15:33:31 IST 2020
Mon Jan  6 15:49:10 IST 2020
Mon Jan  6 15:50:52 IST 2020
Mon Jan  6 16:03:25 IST 2020
Mon Jan  6 16:13:46 IST 2020
Mon Jan  6 16:15:38 IST 2020
Mon Jan  6 16:48:14 IST 2020
Mon Jan  6 16:50:10 IST 2020
Mon Jan  6 16:52:23 IST 2020
Mon Jan  6 16:57:08 IST 2020
Mon Jan  6 17:01:59 IST 2020
Mon Jan  6 17:06:26 IST 2020
Mon Jan  6 17:19:03 IST 2020
Mon Jan  6 17:24:30 IST 2020
Mon Jan  6 17:28:53 IST 2020
Mon Jan  6 17:34:38 IST 2020
Mon Jan  6 17:49:53 IST 2020
Mon Jan  6 17:50:41 IST 2020
Mon Jan  6 17:54:12 IST 2020
Mon Jan  6 17:59:20 IST 2020
Mon Jan  6 18:01:14 IST 2020
Mon Jan  6 18:02:38 IST 2020
Mon Jan  6 18:04:57 IST 2020
Mon Jan  6 18:57:02 IST 2020
Mon Jan  6 18:58:54 IST 2020
Mon Jan  6 18:59:53 IST 2020
Mon Jan  6 19:02:26 IST 2020
Mon Jan  6 19:03:16 IST 2020
Mon  6 Jan 21:22:17 IST 2020
Mon  6 Jan 21:27:36 IST 2020
Mon  6 Jan 21:34:45 IST 2020
Mon  6 Jan 21:37:16 IST 2020
Mon  6 Jan 21:40:41 IST 2020
Mon  6 Jan 21:46:56 IST 2020
Mon  6 Jan 21:49:06 IST 2020
Mon  6 Jan 21:50:16 IST 2020
Mon  6 Jan 21:52:43 IST 2020
Mon  6 Jan 21:54:04 IST 2020
Mon  6 Jan 22:01:14 IST 2020
Mon  6 Jan 22:03:09 IST 2020
Mon  6 Jan 22:04:41 IST 2020
Mon  6 Jan 22:06:24 IST 2020
Mon  6 Jan 22:08:03 IST 2020
Mon  6 Jan 22:12:29 IST 2020
Mon  6 Jan 22:15:06 IST 2020
Tue Jan  7 15:51:28 IST 2020
Tue Jan  7 16:11:32 IST 2020
Tue Jan  7 16:33:17 IST 2020
Tue Jan  7 16:36:49 IST 2020
Tue Jan  7 16:44:34 IST 2020
Tue Jan  7 16:48:14 IST 2020
Tue Jan  7 16:53:35 IST 2020
Tue Jan  7 16:55:21 IST 2020
Tue Jan  7 16:58:24 IST 2020
Tue Jan  7 17:09:53 IST 2020
Tue Jan  7 17:12:10 IST 2020
Tue Jan  7 17:18:21 IST 2020
Tue Jan  7 17:21:33 IST 2020
Tue Jan  7 17:51:58 IST 2020
Tue Jan  7 18:13:18 IST 2020
Tue Jan  7 18:14:30 IST 2020
Tue Jan  7 18:18:48 IST 2020
Tue Jan  7 18:26:17 IST 2020
Tue Jan  7 18:29:04 IST 2020
Tue Jan  7 18:33:04 IST 2020
Tue  7 Jan 23:59:05 IST 2020
Wed  8 Jan 00:11:40 IST 2020
Wed  8 Jan 00:37:54 IST 2020
Wed  8 Jan 00:40:30 IST 2020
Wed  8 Jan 00:42:56 IST 2020
Wed  8 Jan 00:43:50 IST 2020
Wed  8 Jan 00:44:58 IST 2020
Wed  8 Jan 00:45:33 IST 2020
Wed  8 Jan 00:47:34 IST 2020
Wed  8 Jan 00:49:12 IST 2020
Wed  8 Jan 00:50:26 IST 2020
Wed  8 Jan 00:53:06 IST 2020
Wed  8 Jan 00:54:10 IST 2020
Wed  8 Jan 00:55:04 IST 2020
Wed Jan  8 15:40:40 IST 2020
Wed Jan  8 15:49:02 IST 2020
Wed Jan  8 15:52:17 IST 2020
Wed Jan  8 15:53:27 IST 2020
Wed Jan  8 15:54:43 IST 2020
Wed Jan  8 15:56:23 IST 2020
Wed Jan  8 16:04:06 IST 2020
Thu Jan  9 19:45:14 IST 2020
Sat 11 Jan 13:32:35 IST 2020
Sat 11 Jan 13:57:49 IST 2020
Sat 11 Jan 14:00:23 IST 2020
Sat 11 Jan 14:02:57 IST 2020
Sat 11 Jan 14:04:01 IST 2020
Sat 11 Jan 14:24:05 IST 2020
Sat 11 Jan 14:25:56 IST 2020
Sat 11 Jan 18:42:44 IST 2020
Tue 14 Jan 00:02:02 IST 2020
Tue 14 Jan 00:03:54 IST 2020
Tue 14 Jan 00:20:24 IST 2020
Tue 14 Jan 00:24:58 IST 2020
Tue 14 Jan 00:34:48 IST 2020
Tue 14 Jan 00:37:28 IST 2020
Tue 14 Jan 00:40:15 IST 2020
Tue 14 Jan 00:46:36 IST 2020
Tue 14 Jan 00:52:25 IST 2020
Tue 14 Jan 00:54:19 IST 2020
Tue 14 Jan 00:56:41 IST 2020
Tue 14 Jan 00:58:27 IST 2020
Tue 14 Jan 01:00:21 IST 2020
Tue 14 Jan 01:02:21 IST 2020
Tue 14 Jan 01:06:31 IST 2020
Tue 14 Jan 01:13:06 IST 2020
Tue 14 Jan 01:19:04 IST 2020
Tue 14 Jan 01:28:13 IST 2020
Tue 14 Jan 01:29:47 IST 2020
Tue Jan 14 12:17:58 IST 2020
Tue Jan 14 12:25:14 IST 2020
Tue Jan 14 12:28:12 IST 2020
Tue Jan 14 12:28:58 IST 2020
Tue Jan 14 12:34:18 IST 2020
Tue Jan 14 15:26:16 IST 2020
Tue Jan 14 15:28:55 IST 2020
Tue Jan 14 15:30:03 IST 2020
Tue Jan 14 15:51:34 IST 2020
Tue Jan 14 16:07:14 IST 2020
Tue Jan 14 16:10:16 IST 2020
Tue Jan 14 16:12:59 IST 2020
Tue Jan 14 16:15:57 IST 2020
Tue Jan 14 16:17:43 IST 2020
Tue Jan 14 16:29:12 IST 2020
Tue Jan 14 16:39:04 IST 2020
Tue Jan 14 16:41:00 IST 2020
Tue Jan 14 16:46:38 IST 2020
Thu 16 Jan 13:00:27 IST 2020
Thu 16 Jan 13:03:01 IST 2020
Fri Jan 17 15:16:06 IST 2020
Fri Jan 17 15:23:03 IST 2020
Fri Jan 17 15:25:41 IST 2020
Fri Jan 17 15:39:17 IST 2020
Fri Jan 17 15:43:28 IST 2020
Fri Jan 17 15:57:26 IST 2020
Fri Jan 17 16:17:07 IST 2020
Fri Jan 17 16:25:31 IST 2020
Fri Jan 17 16:26:41 IST 2020
Fri Jan 17 16:29:12 IST 2020
Fri Jan 17 16:31:14 IST 2020
Fri Jan 17 16:33:54 IST 2020
Fri Jan 17 16:35:08 IST 2020
Fri Jan 17 16:45:35 IST 2020
Fri Jan 17 16:46:54 IST 2020
Fri Jan 17 16:50:07 IST 2020
Fri Jan 17 17:24:33 IST 2020
Fri Jan 17 17:31:06 IST 2020
Fri Jan 17 17:34:03 IST 2020
Fri Jan 17 17:35:24 IST 2020
Fri Jan 17 17:41:58 IST 2020
Fri Jan 17 17:44:59 IST 2020
Fri Jan 17 17:46:18 IST 2020
Fri Jan 17 17:48:44 IST 2020
Fri Jan 17 17:49:44 IST 2020
Fri Jan 17 17:52:59 IST 2020
